{"C:\\Users\\Sam\\OneDrive\\Skillstorm\\Code\\week1\\day5\\test\\classes\\Employee.js": {"path":"C:\\Users\\Sam\\OneDrive\\Skillstorm\\Code\\week1\\day5\\test\\classes\\Employee.js","statementMap":{"0":{"start":{"line":3,"column":8},"end":{"line":3,"column":21}},"1":{"start":{"line":4,"column":8},"end":{"line":4,"column":25}},"2":{"start":{"line":5,"column":8},"end":{"line":5,"column":31}},"3":{"start":{"line":9,"column":0},"end":{"line":9,"column":26}}},"fnMap":{"0":{"name":"(anonymous_0)","decl":{"start":{"line":2,"column":4},"end":{"line":2,"column":5}},"loc":{"start":{"line":2,"column":35},"end":{"line":6,"column":5}},"line":2}},"branchMap":{},"s":{"0":5,"1":5,"2":5,"3":1},"f":{"0":5},"b":{},"_coverageSchema":"1a1c01bbd47fc00a2c39e90264f33305004495a9","hash":"39ae19d26557b1df56172abc8bfc0c03a458d7f4"}
,"C:\\Users\\Sam\\OneDrive\\Skillstorm\\Code\\week1\\day5\\test\\classes\\developer.js": {"path":"C:\\Users\\Sam\\OneDrive\\Skillstorm\\Code\\week1\\day5\\test\\classes\\developer.js","statementMap":{"0":{"start":{"line":1,"column":17},"end":{"line":1,"column":41}},"1":{"start":{"line":8,"column":8},"end":{"line":8,"column":33}},"2":{"start":{"line":9,"column":8},"end":{"line":9,"column":68}},"3":{"start":{"line":13,"column":8},"end":{"line":13,"column":31}},"4":{"start":{"line":25,"column":0},"end":{"line":25,"column":27}}},"fnMap":{"0":{"name":"(anonymous_0)","decl":{"start":{"line":7,"column":4},"end":{"line":7,"column":5}},"loc":{"start":{"line":7,"column":46},"end":{"line":10,"column":5}},"line":7},"1":{"name":"(anonymous_1)","decl":{"start":{"line":12,"column":4},"end":{"line":12,"column":5}},"loc":{"start":{"line":12,"column":20},"end":{"line":14,"column":5}},"line":12}},"branchMap":{"0":{"loc":{"start":{"line":9,"column":26},"end":{"line":9,"column":67}},"type":"cond-expr","locations":[{"start":{"line":9,"column":53},"end":{"line":9,"column":62}},{"start":{"line":9,"column":65},"end":{"line":9,"column":67}}],"line":9}},"s":{"0":1,"1":5,"2":5,"3":2,"4":1},"f":{"0":5,"1":2},"b":{"0":[1,4]},"_coverageSchema":"1a1c01bbd47fc00a2c39e90264f33305004495a9","hash":"396eb4ccf9d930c34035cfe3915f32ae9834623d"}
}
